C:\ag\mr97b\inc\load gamedata.bas(12) error 58: Type mismatch, at parameter 2 (names_table) of SYNC_NAMES()
	rosecardmin = val( sync_names( "rose/card/min", gamedata_table() ) )
	                                                                 ^
C:\ag\mr97b\inc\load gamedata.bas(13) error 58: Type mismatch, at parameter 2 (names_table) of SYNC_NAMES()
	rosecardmax = val( sync_names( "rose/card/max", gamedata_table() ) )
	                                                                 ^
C:\ag\mr97b\inc\load gamedata.bas(14) error 58: Type mismatch, at parameter 2 (names_table) of SYNC_NAMES()
	roseaxismin = val( sync_names( "rose/axis/min", gamedata_table() ) )
	                                                                 ^
C:\ag\mr97b\inc\load gamedata.bas(15) error 58: Type mismatch, at parameter 2 (names_table) of SYNC_NAMES()
	roseaxismax = val( sync_names( "rose/axis/max", gamedata_table() ) )
	                                                                 ^
C:\ag\mr97b\inc\load gamedata.bas(24) error 58: Type mismatch, at parameter 2 (names_table) of SYNC_NAMES()
		rose( rosecard, roseaxis ) = val( sync_names( "rose(" + ltrim$( str$( rosecard ) ) + "," + ltrim$( str$( roseaxis ) ) + ")", gamedata_table() ) )
		                                                                                                                                              ^
C:\ag\mr97b\inc\load gamedata.bas(28) error 10: Expected '='
		gtext 40 + roseaxis*2, 20 + rosecard * 7, 15, 0, ltrim$(str$(rose( rosecard, roseaxis )))
		      ^
C:\ag\mr97b\inc\load gamedata.bas(36) error 10: Expected '='
		gtext 40, 20 + rosecard * 7, 15, 0, name_as_string( sync_names( "rose/key/" + ltrim$( str$( rosecard ) ), gamedata_table() ) )
		      ^
C:\ag\mr97b\inc\load gamedata.bas(49) error 58: Type mismatch, at parameter 2 (names_table) of SYNC_NAMES()
	membercount = val( sync_names( "party/count", gamedata_table() ) )
	                                                               ^
C:\ag\mr97b\inc\load gamedata.bas(50) error 58: Type mismatch, at parameter 2 (names_table) of SYNC_NAMES()
	spellcount = val( sync_names( "spell/count", gamedata_table() ) )
	                                                              ^
C:\ag\mr97b\inc\load gamedata.bas(51) error 58: Type mismatch, at parameter 2 (names_table) of SYNC_NAMES()
	statcount = val( sync_names( "stat/count", gamedata_table() ) )
	                                                            ^
C:\ag\mr97b\inc\load gamedata.bas(51) error 133: Too many errors, exiting
