C:\AG47\mr97a\MR97a.bas(1056) error 72: Array not dimensioned, before '('
	zoom = imagescale( image, 320, 320 )
	                   ^
C:\AG47\mr97a\MR97a.bas(1056) warning 4(2): Suspicious pointer assignment
C:\AG47\mr97a\MR97a.bas(1070) error 17: Syntax error, found 'as'
declare sub imagescale( source as any ptr, destw as integer = 640, desth as integer = 480 ) as any ptr
                                                                                            ^
C:\AG47\mr97a\MR97a.bas(1072) error 4: Duplicated definition, dest
	dim as any ptr dest
	               ^
C:\AG47\mr97a\MR97a.bas(1080) warning 1(2): Passing scalar as pointer, at parameter 1 of IMAGEINFO()
C:\AG47\mr97a\MR97a.bas(1089) error 28: Expected pointer, before ')'
		pset dest, ( destx , desty ), point ( sourcex, sourcey, sourceimage )
		                                                                    ^
C:\AG47\mr97a\MR97a.bas(1094) error 317: Function result assignment outside of the function, found '='
	imagescale = dest
	           ^
C:\AG47\mr97a\MR97a.bas(1096) error 112: END SUB or FUNCTION without SUB or FUNCTION, found 'end'
end sub
    ^
