C:\ag\mr97b\MR97b.bas(475) error 72: Array not dimensioned, before '('
395 FOR r = 1 TO 6: IF currentstat(p0, r) > initialstat(p0, r) THEN currentstat(p0, r) = initialstat(p0, r)
                                                        ^
C:\ag\mr97b\MR97b.bas(475) error 72: Array not dimensioned, before '('
395 FOR r = 1 TO 6: IF currentstat(p0, r) > initialstat(p0, r) THEN currentstat(p0, r) = initialstat(p0, r)
                                                                                                     ^
C:\ag\mr97b\MR97b.bas(514) error 72: Array not dimensioned, before '('
451 IF r >= 1 AND r <= 3 THEN r = INT(RND(1) * 4): currentstat(p0, 2) = currentstat(p0, 2) + r: currentstat(p0, 3) = currentstat(p0, 3) + 3 - r: initialstat(p0, 2) = initialstat(p0, 2) + r: initialstat(p0, 3) = initialstat(p0, 3) + 3 - r: r$ = STR$(r): r$ = "[Ap +" + RIGHT$(r$, LEN(r$) - 1) + "]": r1$ = STR$(3 - r): r$ = r$ + "[Dp +" + RIGHT$(r1$, LEN(r1$) - 1) + "]"
                                                                                                                                                             ^
C:\ag\mr97b\MR97b.bas(514) error 72: Array not dimensioned, before '('
451 IF r >= 1 AND r <= 3 THEN r = INT(RND(1) * 4): currentstat(p0, 2) = currentstat(p0, 2) + r: currentstat(p0, 3) = currentstat(p0, 3) + 3 - r: initialstat(p0, 2) = initialstat(p0, 2) + r: initialstat(p0, 3) = initialstat(p0, 3) + 3 - r: r$ = STR$(r): r$ = "[Ap +" + RIGHT$(r$, LEN(r$) - 1) + "]": r1$ = STR$(3 - r): r$ = r$ + "[Dp +" + RIGHT$(r1$, LEN(r1$) - 1) + "]"
                                                                                                                                                                                                          ^
C:\ag\mr97b\MR97b.bas(517) error 72: Array not dimensioned, before '('
IF r >= 4 AND r <= 6 THEN r = INT(RND(1) * 3) + 1: currentstat(p0, 2) = currentstat(p0, 2) + r: initialstat(p0, 2) = initialstat(p0, 2) + r: r$ = STR$(r): r$ = "[Ap +" + RIGHT$(r$, LEN(r$) - 1) + "]": r = 4
                                                                                                            ^
C:\ag\mr97b\MR97b.bas(520) error 72: Array not dimensioned, before '('
IF r >= 7 AND r <= 9 THEN r = INT(RND(1) * 3) + 1: currentstat(p0, 3) = currentstat(p0, 3) + r: initialstat(p0, 3) = initialstat(p0, 3) + r: r$ = STR$(r): r$ = "[Dp +" + RIGHT$(r$, LEN(r$) - 1) + "]": r = 7
                                                                                                            ^
C:\ag\mr97b\MR97b.bas(534) error 72: Array not dimensioned, before '('
r = INT(RND(1) * 5) + -2: currentstat(p0, 4) = currentstat(p0, 4) + r: g(py, px) = ASC("Û"): GOSUB 220: IF r > 0 THEN initialstat(p0, 4) = initialstat(p0, 4) + r:
                                                                                                                                  ^
C:\ag\mr97b\MR97b.bas(540) error 72: Array not dimensioned, before '('
r = INT(RND(1) * 5) + -2: currentstat(p0, 1) = currentstat(p0, 1) + r: g(py, px) = ASC("Û"): GOSUB 220: IF r > 0 THEN initialstat(p0, 1) = initialstat(p0, 1) + r
                                                                                                                                  ^
C:\ag\mr97b\MR97b.bas(543) error 72: Array not dimensioned, before '('
r = INT(RND(1) * 5) + -2: currentstat(p0, 2) = currentstat(p0, 2) + r: g(py, px) = ASC("Û"): GOSUB 220: IF r > 0 THEN initialstat(p0, 2) = initialstat(p0, 2) + r
                                                                                                                                  ^
C:\ag\mr97b\MR97b.bas(546) error 72: Array not dimensioned, before '('
r = INT(RND(1) * 5) + -2: currentstat(p0, 3) = currentstat(p0, 3) + r: g(py, px) = ASC("Û"): GOSUB 220: IF r > 0 THEN initialstat(p0, 3) = initialstat(p0, 3) + r
                                                                                                                                  ^
C:\ag\mr97b\MR97b.bas(546) error 133: Too many errors, exiting
