C:\AG47\mr97a\MR97a.bas(43) error 72: Array not dimensioned, before '('
	mouse$ = stringa$( lof( filemode ) , 0 )
	                   ^
C:\AG47\mr97a\MR97a.bas(158) error 73: Array access, index expected, before '='
41 s$ = CHR$(g(yy, xx))
      ^
C:\AG47\mr97a\MR97a.bas(181) error 73: Array access, index expected, before '='
           s$ = CHR$(g(yy, xx))
              ^
C:\AG47\mr97a\MR97a.bas(254) error 72: Array not dimensioned, before '('
85 lx(1) = -5: ly(1) = -2: lx(2) = -2: ly(2) = -5: FOR xx = 2 TO 39: FOR yy = 2 TO 24: s$ = CHR$(g(yy, xx)): IF INSTR(1, t$(2), s$) = 0 THEN 88
      ^
C:\AG47\mr97a\MR97a.bas(254) error 72: Array not dimensioned, before '('
85 lx(1) = -5: ly(1) = -2: lx(2) = -2: ly(2) = -5: FOR xx = 2 TO 39: FOR yy = 2 TO 24: s$ = CHR$(g(yy, xx)): IF INSTR(1, t$(2), s$) = 0 THEN 88
                  ^
C:\AG47\mr97a\MR97a.bas(254) error 72: Array not dimensioned, before '('
85 lx(1) = -5: ly(1) = -2: lx(2) = -2: ly(2) = -5: FOR xx = 2 TO 39: FOR yy = 2 TO 24: s$ = CHR$(g(yy, xx)): IF INSTR(1, t$(2), s$) = 0 THEN 88
                              ^
C:\AG47\mr97a\MR97a.bas(254) error 72: Array not dimensioned, before '('
85 lx(1) = -5: ly(1) = -2: lx(2) = -2: ly(2) = -5: FOR xx = 2 TO 39: FOR yy = 2 TO 24: s$ = CHR$(g(yy, xx)): IF INSTR(1, t$(2), s$) = 0 THEN 88
                                          ^
C:\AG47\mr97a\MR97a.bas(254) error 73: Array access, index expected, before '='
85 lx(1) = -5: ly(1) = -2: lx(2) = -2: ly(2) = -5: FOR xx = 2 TO 39: FOR yy = 2 TO 24: s$ = CHR$(g(yy, xx)): IF INSTR(1, t$(2), s$) = 0 THEN 88
                                                                                          ^
C:\AG47\mr97a\MR97a.bas(254) error 73: Array access, index expected, before ')'
85 lx(1) = -5: ly(1) = -2: lx(2) = -2: ly(2) = -5: FOR xx = 2 TO 39: FOR yy = 2 TO 24: s$ = CHR$(g(yy, xx)): IF INSTR(1, t$(2), s$) = 0 THEN 88
                                                                                                                                  ^
C:\AG47\mr97a\MR97a.bas(255) error 72: Array not dimensioned, before '('
86 ll = 0: lc = 0: FOR x0 = xx - 1 TO xx + 1: FOR y0 = yy - 1 TO yy + 1: s1$ = CHR$(g(y0, x0)): GOSUB 150: IF ll > lc THEN lc = ll: IF ll < 3 THEN lx(ll) = x0: ly(ll) = y0
                                                                                                                                                      ^
C:\AG47\mr97a\MR97a.bas(255) error 133: Too many errors, exiting
