C:\AG47\mr97a\MR97a.bas(1229) error 4: Duplicated definition, tempord
	dim as string buffer = subject, tempord = string$( 0, 0 )
	                                        ^
C:\AG47\mr97a\MR97a.bas(1257) error 181: Invalid assignment/conversion
		tempord = subject
		          ^
C:\AG47\mr97a\MR97a.bas(1267) error 24: Invalid data types
		case "@"+string$(4,0) to "@"+string$(4,255)
		                                          ^
C:\AG47\mr97a\MR97a.bas(1268) error 58: Type mismatch, at parameter 1
			subject2 = mid$(tempord,2) + "_"+RIGHT$(STR$(1000 + 1), 3) + ".til"
			                           ^
C:\AG47\mr97a\MR97a.bas(1272) error 58: Type mismatch, at parameter 1 of VAL()
		case left$(subject,2) = "!!" and right$( subject2,3)=right$(str$(val(1000+val(right$( subject,3)))),3)
		                                                                                                 ^
C:\AG47\mr97a\MR97a.bas(1273) error 58: Type mismatch, at parameter 1
			subject2 = "map_" + mid$(tempord,3) + ".til"
			                                    ^
C:\AG47\mr97a\MR97a.bas(1277) error 35: Expected 'END SELECT', found 'END'
		END IF
		    ^
C:\AG47\mr97a\MR97a.bas(1279) error 35: Expected 'END SELECT', found 'loop'
	loop
	^
C:\AG47\mr97a\MR97a.bas(1283) error 35: Expected 'END SELECT', found 'END'
END SUB
    ^
C:\AG47\mr97a\MR97a.bas(1285) error 61: Illegal inside functions, found 'SUB'
SUB WriteReg (Reg%, Value%)
    ^
C:\AG47\mr97a\MR97a.bas(1285) error 133: Too many errors, exiting
