C:\AG47\mr97a\inc\names script.bas(36) error 181: Invalid assignment/conversion
		sas( spell ) = sync_names( "spell/906/" + ltrim$( str$( spell ) ) + "/sas", spells_table() )
		                                                                                           ^
C:\AG47\mr97a\inc\names script.bas(44) error 181: Invalid assignment/conversion
		nas( member ) = sync_names( "party/8" + ltrim$( str$( member ) ) + "0/nas", party_table() )
		                                                                                          ^
C:\AG47\mr97a\inc\names script.bas(48) error 36: Wrong number of dimensions, I
			i( member, stat ) = val( sync_names( "party/8" + ltrim$( str$( member ) ) + "1/Stat/" + ltrim$( str$( stat ) ), party_table() ) )
			                ^
C:\AG47\mr97a\inc\names script.bas(54) error 181: Invalid assignment/conversion
			spellname = sas( spell )
			                       ^
C:\AG47\mr97a\inc\names script.bas(65) error 72: Array not dimensioned, before '('
				k(member,spell) = val(sync_names( spellplus_k, party_table() ))
				  ^
C:\AG47\mr97a\inc\names script.bas(68) error 72: Array not dimensioned, before '('
				k(member,spell) = val(sync_names( spell_k, party_table() ))
				  ^
C:\AG47\mr97a\inc\names script.bas(73) error 72: Array not dimensioned, before '('
				e(member,spell) = val(sync_names( spellplus_e, party_table() ))
				  ^
C:\AG47\mr97a\inc\names script.bas(76) error 72: Array not dimensioned, before '('
				e(member,spell) = val(sync_names( spell_e, party_table() ))
				  ^
C:\AG47\mr97a\inc\names script.bas(96) error 181: Invalid assignment/conversion
		sas( shopi ) = sync_names( "spell/" + ltrim$( str$( 900 + shopi ) ) + "/sas", shops() )
		                                                                                      ^
C:\AG47\mr97a\inc\names script.bas(98) error 58: Type mismatch, at parameter 1 (subject) of NAME_AS_STRING()
		sas( shopi ) = name_as_string( sas( shopi ), shops() )
		                                           ^
C:\AG47\mr97a\inc\names script.bas(98) error 133: Too many errors, exiting
