C:\AG47\mr97a\inc\names script.bas(57) error 181: Invalid assignment/conversion
			spell_k_sync = sync_names( spellplus_k, party_table() )
			                                                      ^
C:\AG47\mr97a\inc\names script.bas(60) error 181: Invalid assignment/conversion
			spellplus_k_sync = sync_names( spell_k, party_table() )
			                                                      ^
C:\AG47\mr97a\inc\names script.bas(62) error 20: Type mismatch, found 'then'
			if spell_k_sync <> "%%" then
			                        ^
C:\AG47\mr97a\inc\names script.bas(63) error 99: No matching overloaded function, VAL()
				k( member, spell )= val( spellplus_k_sync )
				                                          ^
C:\AG47\mr97a\inc\names script.bas(65) error 99: No matching overloaded function, VAL()
				k( member, spell )= val( spell_k_sync )
				                                      ^
C:\AG47\mr97a\inc\names script.bas(69) error 181: Invalid assignment/conversion
			spell_e_sync = sync_names( spell_e, party_table() )
			                                                  ^
C:\AG47\mr97a\inc\names script.bas(72) error 181: Invalid assignment/conversion
			spellplus_e_sync = sync_names( spellplus_e, party_table() )
			                                                          ^
C:\AG47\mr97a\inc\names script.bas(74) error 20: Type mismatch, found 'then'
			if spell_e_sync <> "%%" then
			                        ^
C:\AG47\mr97a\inc\names script.bas(75) error 99: No matching overloaded function, VAL()
				e( member, spell )= val( spellplus_e_sync )
				                                          ^
C:\AG47\mr97a\inc\names script.bas(77) error 99: No matching overloaded function, VAL()
				e( member, spell )= val( spell_e_sync )
				                                      ^
C:\AG47\mr97a\inc\names script.bas(77) error 133: Too many errors, exiting
