C:\AG47\mr97a\MR97a.bas(87) error 58: Type mismatch, at parameter 1 (ch) of LOAD_PARTY_STATS()
load_party_stats ch, party_table(), spells_table()
                   ^
C:\AG47\mr97a\MR97a.bas(217) error 72: Array not dimensioned, before '('
		g(yy, xx) = ASC("°"): g0 = 0: g1 = 0: v(yy, xx) = 0: l(yy, xx) = 0
		  ^
C:\AG47\mr97a\MR97a.bas(217) error 72: Array not dimensioned, before '('
		g(yy, xx) = ASC("°"): g0 = 0: g1 = 0: v(yy, xx) = 0: l(yy, xx) = 0
		                                        ^
C:\AG47\mr97a\MR97a.bas(217) error 72: Array not dimensioned, before '('
		g(yy, xx) = ASC("°"): g0 = 0: g1 = 0: v(yy, xx) = 0: l(yy, xx) = 0
		                                                       ^
C:\AG47\mr97a\MR97a.bas(231) error 72: Array not dimensioned, before '('
41 s$ = CHR$(g(yy, xx))
               ^
C:\AG47\mr97a\MR97a.bas(254) error 72: Array not dimensioned, before '('
           s$ = CHR$(g(yy, xx))
                       ^
C:\AG47\mr97a\MR97a.bas(283) error 72: Array not dimensioned, before '('
54 s1$ = CHR$(g(yy - 2, xx)): s2$ = CHR$(g(yy - 1, xx))
                ^
C:\AG47\mr97a\MR97a.bas(283) error 72: Array not dimensioned, before '('
54 s1$ = CHR$(g(yy - 2, xx)): s2$ = CHR$(g(yy - 1, xx))
                                           ^
C:\AG47\mr97a\MR97a.bas(287) error 72: Array not dimensioned, before '('
57 s1$ = CHR$(g(yy, xx + 2)): s2$ = CHR$(g(yy, xx + 1))
                ^
C:\AG47\mr97a\MR97a.bas(287) error 72: Array not dimensioned, before '('
57 s1$ = CHR$(g(yy, xx + 2)): s2$ = CHR$(g(yy, xx + 1))
                                           ^
C:\AG47\mr97a\MR97a.bas(287) error 133: Too many errors, exiting
