C:\AG47\mr97a\MR97a.bas(756) error 10: Expected '=', found 'SEG'
  DEF SEG = VARSEG(g01(0)): BLOAD "tiles\" + GGGG$, VARPTR(g01(0))
      ^
C:\AG47\mr97a\MR97a.bas(764) error 10: Expected '=', found 'SEG'
  DEF SEG = VARSEG(mouse$)
      ^
C:\AG47\mr97a\MR97a.bas(765) warning 5(1): Implicit conversion
C:\AG47\mr97a\MR97a.bas(766) error 14: Expected identifier, found 'Absolute'
  CALL Absolute(AX%, bx%, CX%, DX%, mouse%)
       ^
C:\AG47\mr97a\MR97a.bas(864) error 72: Array not dimensioned, before '('
Joyx% = STICK(0)
              ^
C:\AG47\mr97a\MR97a.bas(865) error 72: Array not dimensioned, before '('
JOYY% = STICK(1)
              ^
C:\AG47\mr97a\MR97a.bas(867) error 72: Array not dimensioned, before '('
BUT1% = STRIG(1)
              ^
C:\AG47\mr97a\MR97a.bas(868) error 72: Array not dimensioned, before '('
BUt2% = STRIG(5)
              ^
C:\AG47\mr97a\MR97a.bas(869) error 72: Array not dimensioned, before '('
BUT3% = STRIG(7)
              ^
C:\AG47\mr97a\MR97a.bas(891) error 10: Expected '=', found 'SEG'
  DEF SEG = VARSEG(g01(0)): BLOAD "tiles\" + GGGR$, VARPTR(g01(0))
      ^
