C:\AG47\mr97a\MR97a.bas(586) error 72: Array not dimensioned, before '('
			i( i, stat ) = sync_names( "party/8" + ltrim$( str$( i ) ) + "1/Stat/" + ltrim$( str$( stat ) ), party_table() )
			   ^
C:\AG47\mr97a\MR97a.bas(591) error 58: Type mismatch, at parameter 2 (names_table) of SYNC_NAMES()
			spellname = sync_names( "spell/" + ltrim$( str$( spell ) ) + "/name", spells_table() )
			                                                                                     ^
C:\AG47\mr97a\MR97a.bas(593) error 181: Invalid assignment/conversion
			spelltemp = "party/8" + ltrim$( str$( i ) )  + ltrim$( str$( spell + 1 ) ) + "/" + spellname
			                                                                                   ^
C:\AG47\mr97a\MR97a.bas(595) error 20: Type mismatch
			spell_k = spelltemp + "/k"
			                      ^
C:\AG47\mr97a\MR97a.bas(596) error 20: Type mismatch
			spell_e = spelltemp + "/e"
			                      ^
C:\AG47\mr97a\MR97a.bas(598) error 20: Type mismatch
			spellplus_k = spelltemp + "+/k"
			                          ^
C:\AG47\mr97a\MR97a.bas(599) error 20: Type mismatch
			spellplus_e = spelltemp + "+/e"
			                          ^
C:\AG47\mr97a\MR97a.bas(601) error 72: Array not dimensioned, before '('
			if ( sync_table( spellplus_k, party_table() ) <> "%%" ) then
			                 ^
C:\AG47\mr97a\MR97a.bas(602) error 72: Array not dimensioned, before '('
				k(i,spell) = val(sync_table( spellplus_k, party_table() ))
				                             ^
C:\AG47\mr97a\MR97a.bas(603) error 72: Array not dimensioned, before '('
			elseif ( sync_table( spell_k, party_table() ) <> "%%" ) then
			                     ^
C:\AG47\mr97a\MR97a.bas(603) error 133: Too many errors, exiting
