C:\AG47\mr97a\MR97a.bas(19) error 4: Duplicated definition
DECLARE SUB GraphicPut (XXXX, YYYY, GGGG$)
                                         ^
C:\AG47\mr97a\MR97a.bas(322) error 7: Expected ')', found 'b0808.til'
CALL GraphicPut((x0 - 1) * 8, (y0 - 1) * 8, "tiles\RIGHT$(STR$(1000 + ASC(c0$)), 3) + "b0808.til")
                                                                                       ^
C:\AG47\mr97a\MR97a.bas(322) warning 12(1): Missing closing quote in literal string
C:\AG47\mr97a\MR97a.bas(867) error 72: Array not dimensioned, before '('
Joyx% = STICK(0)
              ^
C:\AG47\mr97a\MR97a.bas(868) error 72: Array not dimensioned, before '('
JOYY% = STICK(1)
              ^
C:\AG47\mr97a\MR97a.bas(870) error 72: Array not dimensioned, before '('
BUT1% = STRIG(1)
              ^
C:\AG47\mr97a\MR97a.bas(871) error 72: Array not dimensioned, before '('
BUt2% = STRIG(5)
              ^
C:\AG47\mr97a\MR97a.bas(872) error 72: Array not dimensioned, before '('
BUT3% = STRIG(7)
              ^
C:\AG47\mr97a\MR97a.bas(894) error 10: Expected '=', found 'SEG'
  DEF SEG = VARSEG(g01(0)): BLOAD "tiles\" + GGGR$, VARPTR(g01(0))
      ^
